#### Sim Parameters ####
## Problem Parameters ##
     cpu_per_100mhz:  14
     max_distance:  11
     max_capacity:  1000
     num_initial_odcs (if 0 means ODCs = RUs):  0
## NSGAII Parameters ##
     num_trials:  60
     population_size:  300
     no_processes:  8
     obj_weights:  [0.33, 0.33, 0.34]
## Sim Parameters ##
     seed:  56
     outputDir:  /home/ubuntu/EmbrapiiCPqD/OpenRanDatacenterPlacement/open_ran_datacenter_placement/Campaign_NatalCase4/data/Job56
########################
ConvergenceWarning was raised
Number of distinct clusters (55) found smaller than n_clusters (170). Possibly due to duplicate points in X.
Number of distinct clusters: 55
n_clusters: 170
==========================================================================================
n_gen  |  n_eval  | n_nds  |     cv_min    |     cv_avg    |      eps      |   indicator  
==========================================================================================
     1 |      300 |     14 |  0.000000E+00 |  0.000000E+00 |             - |             -
     2 |      600 |     20 |  0.000000E+00 |  0.000000E+00 |  0.0769230769 |         ideal
     3 |      900 |     23 |  0.000000E+00 |  0.000000E+00 |  0.0714285714 |         ideal
     4 |     1200 |     25 |  0.000000E+00 |  0.000000E+00 |  0.7788376448 |         nadir
     5 |     1500 |     28 |  0.000000E+00 |  0.000000E+00 |  0.0666666667 |         ideal
     6 |     1800 |     32 |  0.000000E+00 |  0.000000E+00 |  0.0312500000 |         ideal
     7 |     2100 |     34 |  0.000000E+00 |  0.000000E+00 |  0.0153580917 |         ideal
     8 |     2400 |     37 |  0.000000E+00 |  0.000000E+00 |  0.0086852327 |             f
     9 |     2700 |     38 |  0.000000E+00 |  0.000000E+00 |  0.0285714286 |         ideal
    10 |     3000 |     40 |  0.000000E+00 |  0.000000E+00 |  0.0540540541 |         ideal
    11 |     3300 |     40 |  0.000000E+00 |  0.000000E+00 |  0.0043704626 |             f
    12 |     3600 |     41 |  0.000000E+00 |  0.000000E+00 |  0.0263157895 |         ideal
    13 |     3900 |     42 |  0.000000E+00 |  0.000000E+00 |  0.0256410256 |         ideal
    14 |     4200 |     43 |  0.000000E+00 |  0.000000E+00 |  0.0250000000 |         ideal
    15 |     4500 |     46 |  0.000000E+00 |  0.000000E+00 |  0.0023366290 |             f
    16 |     4800 |     44 |  0.000000E+00 |  0.000000E+00 |  0.0064388319 |             f
    17 |     5100 |     47 |  0.000000E+00 |  0.000000E+00 |  0.0050761381 |         ideal
    18 |     5400 |     49 |  0.000000E+00 |  0.000000E+00 |  0.0038400355 |             f
    19 |     5700 |     54 |  0.000000E+00 |  0.000000E+00 |  0.0010285274 |             f
    20 |     6000 |     54 |  0.000000E+00 |  0.000000E+00 |  0.0029272050 |             f
    21 |     6300 |     52 |  0.000000E+00 |  0.000000E+00 |  0.0031291263 |             f
    22 |     6600 |     50 |  0.000000E+00 |  0.000000E+00 |  0.0102298894 |         nadir
    23 |     6900 |     50 |  0.000000E+00 |  0.000000E+00 |  0.0059980857 |         ideal
    24 |     7200 |     54 |  0.000000E+00 |  0.000000E+00 |  0.0031772984 |         ideal
    25 |     7500 |     59 |  0.000000E+00 |  0.000000E+00 |  0.0064596871 |         ideal
    26 |     7800 |     60 |  0.000000E+00 |  0.000000E+00 |  0.0011078226 |             f
    27 |     8100 |     62 |  0.000000E+00 |  0.000000E+00 |  0.0012477804 |             f
    28 |     8400 |     61 |  0.000000E+00 |  0.000000E+00 |  0.0227272727 |         ideal
    29 |     8700 |     63 |  0.000000E+00 |  0.000000E+00 |  0.0003890271 |             f
    30 |     9000 |     68 |  0.000000E+00 |  0.000000E+00 |  0.0074795599 |         ideal
    31 |     9300 |     68 |  0.000000E+00 |  0.000000E+00 |  0.0003120769 |             f
    32 |     9600 |     65 |  0.000000E+00 |  0.000000E+00 |  0.0005703099 |             f
    33 |     9900 |     66 |  0.000000E+00 |  0.000000E+00 |  0.0017308777 |             f
    34 |    10200 |     66 |  0.000000E+00 |  0.000000E+00 |  0.0020102573 |             f
    35 |    10500 |     67 |  0.000000E+00 |  0.000000E+00 |  0.0020155907 |             f
    36 |    10800 |     72 |  0.000000E+00 |  0.000000E+00 |  0.0019507310 |             f
    37 |    11100 |     75 |  0.000000E+00 |  0.000000E+00 |  0.0021697036 |             f
    38 |    11400 |     78 |  0.000000E+00 |  0.000000E+00 |  0.0026622461 |             f
    39 |    11700 |     76 |  0.000000E+00 |  0.000000E+00 |  0.0002795121 |             f
    40 |    12000 |     85 |  0.000000E+00 |  0.000000E+00 |  0.0003083595 |             f
    41 |    12300 |     90 |  0.000000E+00 |  0.000000E+00 |  0.0005050215 |             f
    42 |    12600 |     86 |  0.000000E+00 |  0.000000E+00 |  0.0007293365 |             f
    43 |    12900 |     89 |  0.000000E+00 |  0.000000E+00 |  0.0007896533 |             f
    44 |    13200 |     94 |  0.000000E+00 |  0.000000E+00 |  0.0208333333 |         nadir
    45 |    13500 |     99 |  0.000000E+00 |  0.000000E+00 |  0.0000509954 |             f
    46 |    13800 |     99 |  0.000000E+00 |  0.000000E+00 |  0.0001340857 |             f
    47 |    14100 |    104 |  0.000000E+00 |  0.000000E+00 |  0.0002060425 |             f
    48 |    14400 |    108 |  0.000000E+00 |  0.000000E+00 |  0.0002583005 |             f
    49 |    14700 |     94 |  0.000000E+00 |  0.000000E+00 |  0.0004869342 |             f
    50 |    15000 |     98 |  0.000000E+00 |  0.000000E+00 |  0.0005121315 |             f
    51 |    15300 |    105 |  0.000000E+00 |  0.000000E+00 |  0.0005407879 |             f
    52 |    15600 |     98 |  0.000000E+00 |  0.000000E+00 |  0.0007938360 |             f
    53 |    15900 |     96 |  0.000000E+00 |  0.000000E+00 |  0.0007989087 |             f
    54 |    16200 |     95 |  0.000000E+00 |  0.000000E+00 |  0.0009786346 |             f
    55 |    16500 |    107 |  0.000000E+00 |  0.000000E+00 |  0.0010118705 |             f
    56 |    16800 |    108 |  0.000000E+00 |  0.000000E+00 |  0.0011587316 |             f
    57 |    17100 |    110 |  0.000000E+00 |  0.000000E+00 |  0.0011511411 |             f
    58 |    17400 |    110 |  0.000000E+00 |  0.000000E+00 |  0.0033914322 |         ideal
    59 |    17700 |    106 |  0.000000E+00 |  0.000000E+00 |  0.0185078235 |         nadir
    60 |    18000 |    118 |  0.000000E+00 |  0.000000E+00 |  0.0000489330 |             f
Total generations with best solutions: 60
Generating GIF:   0%|          | 0/60 [00:00<?, ?it/s]Generating GIF:   2%|▏         | 1/60 [00:01<01:53,  1.93s/it]Generating GIF:   5%|▌         | 3/60 [00:16<05:45,  6.06s/it]Generating GIF: 100%|██████████| 60/60 [00:16<00:00,  3.53it/s]
ODC Locations and Capacities:
ODC 1 Location: (-5.86139, -35.19278), Capacity: 588 cores, Fiber: 77.5372174881424 km
ODC 2 Location: (-5.77944, -35.19778), Capacity: 882 cores, Fiber: 254.3852407022963 km
ODC 3 Location: (-5.82611, -35.20667), Capacity: 845 cores, Fiber: 149.11486477637564 km
Execution time: 46.51 seconds
