#### Sim Parameters ####
## Problem Parameters ##
     cpu_per_100mhz:  14
     max_distance:  11
     max_capacity:  1000
     num_initial_odcs (if 0 means ODCs = RUs):  0
## NSGAII Parameters ##
     num_trials:  60
     population_size:  300
     no_processes:  8
     obj_weights:  [0.34, 0.33, 0.33]
## Sim Parameters ##
     seed:  72
     outputDir:  /home/ubuntu/EmbrapiiCPqD/OpenRanDatacenterPlacement/open_ran_datacenter_placement/Campaign_Problema4-Natal/data/Job72
########################
ConvergenceWarning was raised
Number of distinct clusters (55) found smaller than n_clusters (170). Possibly due to duplicate points in X.
Number of distinct clusters: 55
n_clusters: 170
==========================================================================================
n_gen  |  n_eval  | n_nds  |     cv_min    |     cv_avg    |      eps      |   indicator  
==========================================================================================
     1 |      300 |     14 |  0.000000E+00 |  0.000000E+00 |             - |             -
     2 |      600 |     17 |  0.000000E+00 |  0.000000E+00 |  0.0237270757 |             f
     3 |      900 |     20 |  0.000000E+00 |  0.000000E+00 |  0.0112047192 |             f
     4 |     1200 |     23 |  0.000000E+00 |  0.000000E+00 |  0.0400000000 |         ideal
     5 |     1500 |     27 |  0.000000E+00 |  0.000000E+00 |  0.0379886633 |         ideal
     6 |     1800 |     25 |  0.000000E+00 |  0.000000E+00 |  0.0333333333 |         ideal
     7 |     2100 |     28 |  0.000000E+00 |  0.000000E+00 |  0.0333333333 |         ideal
     8 |     2400 |     33 |  0.000000E+00 |  0.000000E+00 |  0.0416009517 |         ideal
     9 |     2700 |     37 |  0.000000E+00 |  0.000000E+00 |  0.0068804483 |             f
    10 |     3000 |     35 |  0.000000E+00 |  0.000000E+00 |  0.0294117647 |         ideal
    11 |     3300 |     37 |  0.000000E+00 |  0.000000E+00 |  0.0285714286 |         ideal
    12 |     3600 |     42 |  0.000000E+00 |  0.000000E+00 |  0.0540540541 |         ideal
    13 |     3900 |     39 |  0.000000E+00 |  0.000000E+00 |  0.0049014831 |             f
    14 |     4200 |     41 |  0.000000E+00 |  0.000000E+00 |  0.0053057818 |             f
    15 |     4500 |     44 |  0.000000E+00 |  0.000000E+00 |  0.0263157895 |         ideal
    16 |     4800 |     46 |  0.000000E+00 |  0.000000E+00 |  0.0036301373 |             f
    17 |     5100 |     48 |  0.000000E+00 |  0.000000E+00 |  0.0022401696 |             f
    18 |     5400 |     48 |  0.000000E+00 |  0.000000E+00 |  0.0769920754 |         nadir
    19 |     5700 |     50 |  0.000000E+00 |  0.000000E+00 |  0.0250000000 |         ideal
    20 |     6000 |     48 |  0.000000E+00 |  0.000000E+00 |  0.0018306252 |             f
    21 |     6300 |     48 |  0.000000E+00 |  0.000000E+00 |  0.0025049355 |             f
    22 |     6600 |     50 |  0.000000E+00 |  0.000000E+00 |  0.0071458658 |         ideal
    23 |     6900 |     50 |  0.000000E+00 |  0.000000E+00 |  0.0023208762 |             f
    24 |     7200 |     53 |  0.000000E+00 |  0.000000E+00 |  0.0054402176 |         ideal
    25 |     7500 |     51 |  0.000000E+00 |  0.000000E+00 |  0.2571964984 |         nadir
    26 |     7800 |     50 |  0.000000E+00 |  0.000000E+00 |  0.0013367614 |             f
    27 |     8100 |     52 |  0.000000E+00 |  0.000000E+00 |  0.0029269898 |             f
    28 |     8400 |     53 |  0.000000E+00 |  0.000000E+00 |  0.0011499222 |             f
    29 |     8700 |     57 |  0.000000E+00 |  0.000000E+00 |  0.0015081974 |             f
    30 |     9000 |     62 |  0.000000E+00 |  0.000000E+00 |  0.0016406448 |             f
    31 |     9300 |     63 |  0.000000E+00 |  0.000000E+00 |  0.0023584594 |             f
    32 |     9600 |     66 |  0.000000E+00 |  0.000000E+00 |  0.0025584529 |             f
    33 |     9900 |     62 |  0.000000E+00 |  0.000000E+00 |  0.0009953621 |             f
    34 |    10200 |     67 |  0.000000E+00 |  0.000000E+00 |  0.0017668332 |             f
    35 |    10500 |     67 |  0.000000E+00 |  0.000000E+00 |  0.0023877842 |             f
    36 |    10800 |     70 |  0.000000E+00 |  0.000000E+00 |  0.0046432845 |         ideal
    37 |    11100 |     75 |  0.000000E+00 |  0.000000E+00 |  0.0000812873 |             f
    38 |    11400 |     72 |  0.000000E+00 |  0.000000E+00 |  0.0001694222 |             f
    39 |    11700 |     83 |  0.000000E+00 |  0.000000E+00 |  0.0003733093 |             f
    40 |    12000 |     89 |  0.000000E+00 |  0.000000E+00 |  0.0025500078 |         ideal
    41 |    12300 |     90 |  0.000000E+00 |  0.000000E+00 |  0.0002732989 |             f
    42 |    12600 |     95 |  0.000000E+00 |  0.000000E+00 |  0.0004651696 |             f
    43 |    12900 |    104 |  0.000000E+00 |  0.000000E+00 |  0.0005722303 |             f
    44 |    13200 |    106 |  0.000000E+00 |  0.000000E+00 |  0.0006815348 |             f
    45 |    13500 |     98 |  0.000000E+00 |  0.000000E+00 |  0.0011564716 |             f
    46 |    13800 |    106 |  0.000000E+00 |  0.000000E+00 |  0.0014155778 |             f
    47 |    14100 |    107 |  0.000000E+00 |  0.000000E+00 |  0.0016213334 |             f
    48 |    14400 |    112 |  0.000000E+00 |  0.000000E+00 |  0.0018221165 |             f
    49 |    14700 |    121 |  0.000000E+00 |  0.000000E+00 |  0.0020593776 |             f
    50 |    15000 |    132 |  0.000000E+00 |  0.000000E+00 |  0.0025332067 |             f
    51 |    15300 |    104 |  0.000000E+00 |  0.000000E+00 |  0.0003370332 |             f
    52 |    15600 |    116 |  0.000000E+00 |  0.000000E+00 |  0.0005724646 |             f
    53 |    15900 |    139 |  0.000000E+00 |  0.000000E+00 |  0.0029158923 |         ideal
    54 |    16200 |    136 |  0.000000E+00 |  0.000000E+00 |  0.0001414993 |             f
    55 |    16500 |    150 |  0.000000E+00 |  0.000000E+00 |  0.0002850715 |             f
    56 |    16800 |    175 |  0.000000E+00 |  0.000000E+00 |  0.0003222271 |             f
    57 |    17100 |    203 |  0.000000E+00 |  0.000000E+00 |  0.0003751324 |             f
    58 |    17400 |    222 |  0.000000E+00 |  0.000000E+00 |  0.0004980670 |             f
    59 |    17700 |    269 |  0.000000E+00 |  0.000000E+00 |  0.0005633308 |             f
    60 |    18000 |    300 |  0.000000E+00 |  0.000000E+00 |  0.0007165293 |             f
Total generations with best solutions: 60
Generating GIF:   0%|          | 0/60 [00:00<?, ?it/s]Generating GIF:   2%|▏         | 1/60 [00:03<03:32,  3.60s/it]Generating GIF:   3%|▎         | 2/60 [00:04<01:44,  1.81s/it]Generating GIF:   8%|▊         | 5/60 [00:04<00:33,  1.66it/s]Generating GIF:  12%|█▏        | 7/60 [00:04<00:20,  2.55it/s]Generating GIF:  17%|█▋        | 10/60 [00:06<00:25,  1.99it/s]Generating GIF:  25%|██▌       | 15/60 [00:06<00:12,  3.72it/s]Generating GIF:  27%|██▋       | 16/60 [00:06<00:10,  4.03it/s]Generating GIF:  33%|███▎      | 20/60 [00:09<00:16,  2.37it/s]Generating GIF:  43%|████▎     | 26/60 [00:09<00:08,  4.04it/s]Generating GIF:  50%|█████     | 30/60 [00:11<00:08,  3.68it/s]Generating GIF:  52%|█████▏    | 31/60 [00:11<00:08,  3.37it/s]Generating GIF:  55%|█████▌    | 33/60 [00:12<00:08,  3.14it/s]Generating GIF:  63%|██████▎   | 38/60 [00:13<00:06,  3.33it/s]Generating GIF:  75%|███████▌  | 45/60 [00:14<00:02,  5.81it/s]Generating GIF:  78%|███████▊  | 47/60 [00:15<00:03,  3.47it/s]Generating GIF:  82%|████████▏ | 49/60 [00:16<00:03,  3.55it/s]Generating GIF:  90%|█████████ | 54/60 [00:18<00:01,  3.33it/s]Generating GIF: 100%|██████████| 60/60 [00:18<00:00,  3.31it/s]
ODC Locations and Capacities:
ODC 1 Location: (-5.735797, -35.254392), Capacity: 336 cores, Fiber: 56.52004531466572 km
ODC 2 Location: (-5.829694, -35.212), Capacity: 714 cores, Fiber: 118.90030872558069 km
ODC 3 Location: (-5.87556, -35.18), Capacity: 462 cores, Fiber: 46.65603539442971 km
ODC 4 Location: (-5.80366, -35.20402), Capacity: 803 cores, Fiber: 112.41339535424947 km
Execution time: 90.34 seconds
